Copyright 1986-2017 Xilinx, Inc. All Rights Reserved.
-------------------------------------------------------------------------------------------
| Tool Version : Vivado v.2017.3 (lin64) Build 2018833 Wed Oct  4 19:58:07 MDT 2017
| Date         : Tue Dec 12 17:20:19 2017
| Host         : centos_sinhnn running 64-bit CentOS Linux release 7.4.1708 (Core)
| Command      : report_timing_summary -file ./nn_core_vc707/post_route_timing_summary.rpt
| Design       : top_ann
| Device       : 7vx485t-ffg1761
| Speed File   : -2  PRODUCTION 1.12 2014-09-11
-------------------------------------------------------------------------------------------

Timing Summary Report

------------------------------------------------------------------------------------------------
| Timer Settings
| --------------
------------------------------------------------------------------------------------------------

  Enable Multi Corner Analysis               :  Yes
  Enable Pessimism Removal                   :  Yes
  Pessimism Removal Resolution               :  Nearest Common Node
  Enable Input Delay Default Clock           :  No
  Enable Preset / Clear Arcs                 :  No
  Disable Flight Delays                      :  No
  Ignore I/O Paths                           :  No
  Timing Early Launch at Borrowing Latches   :  false

  Corner  Analyze    Analyze    
  Name    Max Paths  Min Paths  
  ------  ---------  ---------  
  Slow    Yes        Yes        
  Fast    Yes        Yes        



check_timing report

Table of Contents
-----------------
1. checking no_clock
2. checking constant_clock
3. checking pulse_width_clock
4. checking unconstrained_internal_endpoints
5. checking no_input_delay
6. checking no_output_delay
7. checking multiple_clock
8. checking generated_clocks
9. checking loops
10. checking partial_input_delay
11. checking partial_output_delay
12. checking latch_loops

1. checking no_clock
--------------------
 There are 0 register/latch pins with no clock.


2. checking constant_clock
--------------------------
 There are 0 register/latch pins with constant_clock.


3. checking pulse_width_clock
-----------------------------
 There are 0 register/latch pins which need pulse_width check


4. checking unconstrained_internal_endpoints
--------------------------------------------
 There are 0 pins that are not constrained for maximum delay.

 There are 0 pins that are not constrained for maximum delay due to constant clock.


5. checking no_input_delay
--------------------------
 There are 67 input ports with no input delay specified. (HIGH)

 There are 0 input ports with no input delay but user has a false path constraint.


6. checking no_output_delay
---------------------------
 There are 21 ports with no output delay specified. (HIGH)

 There are 0 ports with no output delay but user has a false path constraint

 There are 0 ports with no output delay but with a timing clock defined on it or propagating through it


7. checking multiple_clock
--------------------------
 There are 0 register/latch pins with multiple clocks.


8. checking generated_clocks
----------------------------
 There are 0 generated clocks that are not connected to a clock source.


9. checking loops
-----------------
 There are 0 combinational loops in the design.


10. checking partial_input_delay
--------------------------------
 There are 0 input ports with partial input delay specified.


11. checking partial_output_delay
---------------------------------
 There are 0 ports with partial output delay specified.


12. checking latch_loops
------------------------
 There are 0 combinational latch loops in the design through latch input



------------------------------------------------------------------------------------------------
| Design Timing Summary
| ---------------------
------------------------------------------------------------------------------------------------

    WNS(ns)      TNS(ns)  TNS Failing Endpoints  TNS Total Endpoints      WHS(ns)      THS(ns)  THS Failing Endpoints  THS Total Endpoints     WPWS(ns)     TPWS(ns)  TPWS Failing Endpoints  TPWS Total Endpoints  
    -------      -------  ---------------------  -------------------      -------      -------  ---------------------  -------------------     --------     --------  ----------------------  --------------------  
     -0.466      -37.535                     96                 4177        0.113        0.000                      0                 4177        4.783        0.000                       0                  1676  


Timing constraints are not met.


------------------------------------------------------------------------------------------------
| Clock Summary
| -------------
------------------------------------------------------------------------------------------------

Clock        Waveform(ns)       Period(ns)      Frequency(MHz)
-----        ------------       ----------      --------------
clk          {0.000 5.425}      10.850          92.166          
virtual_clk  {0.000 5.425}      10.850          92.166          


------------------------------------------------------------------------------------------------
| Intra Clock Table
| -----------------
------------------------------------------------------------------------------------------------

Clock             WNS(ns)      TNS(ns)  TNS Failing Endpoints  TNS Total Endpoints      WHS(ns)      THS(ns)  THS Failing Endpoints  THS Total Endpoints     WPWS(ns)     TPWS(ns)  TPWS Failing Endpoints  TPWS Total Endpoints  
-----             -------      -------  ---------------------  -------------------      -------      -------  ---------------------  -------------------     --------     --------  ----------------------  --------------------  
clk                -0.466      -37.535                     96                 4177        0.113        0.000                      0                 4177        4.783        0.000                       0                  1676  


------------------------------------------------------------------------------------------------
| Inter Clock Table
| -----------------
------------------------------------------------------------------------------------------------

From Clock    To Clock          WNS(ns)      TNS(ns)  TNS Failing Endpoints  TNS Total Endpoints      WHS(ns)      THS(ns)  THS Failing Endpoints  THS Total Endpoints  
----------    --------          -------      -------  ---------------------  -------------------      -------      -------  ---------------------  -------------------  


------------------------------------------------------------------------------------------------
| Other Path Groups Table
| -----------------------
------------------------------------------------------------------------------------------------

Path Group    From Clock    To Clock          WNS(ns)      TNS(ns)  TNS Failing Endpoints  TNS Total Endpoints      WHS(ns)      THS(ns)  THS Failing Endpoints  THS Total Endpoints  
----------    ----------    --------          -------      -------  ---------------------  -------------------      -------      -------  ---------------------  -------------------  


------------------------------------------------------------------------------------------------
| Timing Details
| --------------
------------------------------------------------------------------------------------------------


---------------------------------------------------------------------------------------------------
From Clock:  clk
  To Clock:  clk

Setup :           96  Failing Endpoints,  Worst Slack       -0.466ns,  Total Violation      -37.535ns
Hold  :            0  Failing Endpoints,  Worst Slack        0.113ns,  Total Violation        0.000ns
PW    :            0  Failing Endpoints,  Worst Slack        4.783ns,  Total Violation        0.000ns
---------------------------------------------------------------------------------------------------


Max Delay Paths
--------------------------------------------------------------------------------------
Slack (VIOLATED) :        -0.466ns  (required time - arrival time)
  Source:                 dut_bw/calc_layer_output[0].DUT_error_ouput/tmp_error_ouput_reg/CLK
                            (rising edge-triggered cell DSP48E1 clocked by clk  {rise@0.000ns fall@5.425ns period=10.850ns})
  Destination:            dut_bw/calc_layer_hidden[0].DUT_error_hidden/tmp_error_hidden_i_reg/PCIN[0]
                            (rising edge-triggered cell DSP48E1 clocked by clk  {rise@0.000ns fall@5.425ns period=10.850ns})
  Path Group:             clk
  Path Type:              Setup (Max at Slow Process Corner)
  Requirement:            10.850ns  (clk rise@10.850ns - clk rise@0.000ns)
  Data Path Delay:        10.379ns  (logic 8.286ns (79.836%)  route 2.093ns (20.164%))
  Logic Levels:           3  (DSP48E1=3)
  Clock Path Skew:        0.093ns (DCD - SCD + CPR)
    Destination Clock Delay (DCD):    4.829ns = ( 15.679 - 10.850 ) 
    Source Clock Delay      (SCD):    5.076ns
    Clock Pessimism Removal (CPR):    0.340ns
  Clock Uncertainty:      0.035ns  ((TSJ^2 + TIJ^2)^1/2 + DJ) / 2 + PE
    Total System Jitter     (TSJ):    0.071ns
    Total Input Jitter      (TIJ):    0.000ns
    Discrete Jitter          (DJ):    0.000ns
    Phase Error              (PE):    0.000ns

    Location             Delay type                Incr(ns)  Path(ns)    Netlist Resource(s)
  -------------------------------------------------------------------    -------------------
                         (clock clk rise edge)        0.000     0.000 r  
    AU32                                              0.000     0.000 r  clk (IN)
                         net (fo=0)                   0.000     0.000    clk
    AU32                 IBUF (Prop_ibuf_I_O)         0.642     0.642 r  clk_IBUF_inst/O
                         net (fo=1, routed)           2.644     3.286    clk_IBUF
    BUFGCTRL_X0Y0        BUFG (Prop_bufg_I_O)         0.093     3.379 r  clk_IBUF_BUFG_inst/O
                         net (fo=1707, routed)        1.698     5.076    dut_bw/calc_layer_output[0].DUT_error_ouput/clk_IBUF_BUFG
    DSP48_X4Y39          DSP48E1                                      r  dut_bw/calc_layer_output[0].DUT_error_ouput/tmp_error_ouput_reg/CLK
  -------------------------------------------------------------------    -------------------
    DSP48_X4Y39          DSP48E1 (Prop_dsp48e1_CLK_P[23])
                                                      1.581     6.657 r  dut_bw/calc_layer_output[0].DUT_error_ouput/tmp_error_ouput_reg/P[23]
                         net (fo=7, routed)           1.519     8.176    dut_bw/calc_layer_hidden[0].DUT_error_hidden/P[13]
    DSP48_X0Y36          DSP48E1 (Prop_dsp48e1_B[13]_PCOUT[47])
                                                      2.749    10.925 r  dut_bw/calc_layer_hidden[0].DUT_error_hidden/arg/PCOUT[47]
                         net (fo=1, routed)           0.000    10.925    dut_bw/calc_layer_hidden[0].DUT_error_hidden/arg_n_106
    DSP48_X0Y37          DSP48E1 (Prop_dsp48e1_PCIN[47]_P[14])
                                                      1.077    12.002 r  dut_bw/calc_layer_hidden[0].DUT_error_hidden/arg__0/P[14]
                         net (fo=1, routed)           0.574    12.576    dut_bw/calc_layer_hidden[0].DUT_error_hidden/arg__0_n_91
    DSP48_X1Y36          DSP48E1 (Prop_dsp48e1_A[14]_PCOUT[0])
                                                      2.879    15.455 r  dut_bw/calc_layer_hidden[0].DUT_error_hidden/arg__1/PCOUT[0]
                         net (fo=1, routed)           0.000    15.455    dut_bw/calc_layer_hidden[0].DUT_error_hidden/arg__1_n_153
    DSP48_X1Y37          DSP48E1                                      r  dut_bw/calc_layer_hidden[0].DUT_error_hidden/tmp_error_hidden_i_reg/PCIN[0]
  -------------------------------------------------------------------    -------------------

                         (clock clk rise edge)       10.850    10.850 r  
    AU32                                              0.000    10.850 r  clk (IN)
                         net (fo=0)                   0.000    10.850    clk
    AU32                 IBUF (Prop_ibuf_I_O)         0.535    11.385 r  clk_IBUF_inst/O
                         net (fo=1, routed)           2.510    13.895    clk_IBUF
    BUFGCTRL_X0Y0        BUFG (Prop_bufg_I_O)         0.083    13.978 r  clk_IBUF_BUFG_inst/O
                         net (fo=1707, routed)        1.701    15.679    dut_bw/calc_layer_hidden[0].DUT_error_hidden/clk_IBUF_BUFG
    DSP48_X1Y37          DSP48E1                                      r  dut_bw/calc_layer_hidden[0].DUT_error_hidden/tmp_error_hidden_i_reg/CLK
                         clock pessimism              0.340    16.019    
                         clock uncertainty           -0.035    15.984    
    DSP48_X1Y37          DSP48E1 (Setup_dsp48e1_CLK_PCIN[0])
                                                     -0.995    14.989    dut_bw/calc_layer_hidden[0].DUT_error_hidden/tmp_error_hidden_i_reg
  -------------------------------------------------------------------
                         required time                         14.989    
                         arrival time                         -15.455    
  -------------------------------------------------------------------
                         slack                                 -0.466    





Min Delay Paths
--------------------------------------------------------------------------------------
Slack (MET) :             0.113ns  (arrival time - required time)
  Source:                 dut_bw/s_tmp_input_reg[1][-2]/C
                            (rising edge-triggered cell FDRE clocked by clk  {rise@0.000ns fall@5.425ns period=10.850ns})
  Destination:            dut_bw/calc_dw_hidden_i[1].dw_j[2].DUT_delta_weight/tmp_delta_weight_reg/B[8]
                            (rising edge-triggered cell DSP48E1 clocked by clk  {rise@0.000ns fall@5.425ns period=10.850ns})
  Path Group:             clk
  Path Type:              Hold (Min at Fast Process Corner)
  Requirement:            0.000ns  (clk rise@0.000ns - clk rise@0.000ns)
  Data Path Delay:        0.239ns  (logic 0.091ns (38.152%)  route 0.148ns (61.848%))
  Logic Levels:           0  
  Clock Path Skew:        0.094ns (DCD - SCD - CPR)
    Destination Clock Delay (DCD):    2.691ns
    Source Clock Delay      (SCD):    2.167ns
    Clock Pessimism Removal (CPR):    0.430ns

    Location             Delay type                Incr(ns)  Path(ns)    Netlist Resource(s)
  -------------------------------------------------------------------    -------------------
                         (clock clk rise edge)        0.000     0.000 r  
    AU32                                              0.000     0.000 r  clk (IN)
                         net (fo=0)                   0.000     0.000    clk
    AU32                 IBUF (Prop_ibuf_I_O)         0.148     0.148 r  clk_IBUF_inst/O
                         net (fo=1, routed)           1.274     1.422    clk_IBUF
    BUFGCTRL_X0Y0        BUFG (Prop_bufg_I_O)         0.026     1.448 r  clk_IBUF_BUFG_inst/O
                         net (fo=1707, routed)        0.719     2.167    dut_bw/clk_IBUF_BUFG
    SLICE_X43Y107        FDRE                                         r  dut_bw/s_tmp_input_reg[1][-2]/C
  -------------------------------------------------------------------    -------------------
    SLICE_X43Y107        FDRE (Prop_fdre_C_Q)         0.091     2.258 r  dut_bw/s_tmp_input_reg[1][-2]/Q
                         net (fo=2, routed)           0.148     2.406    dut_bw/calc_dw_hidden_i[1].dw_j[2].DUT_delta_weight/B[8]
    DSP48_X2Y42          DSP48E1                                      r  dut_bw/calc_dw_hidden_i[1].dw_j[2].DUT_delta_weight/tmp_delta_weight_reg/B[8]
  -------------------------------------------------------------------    -------------------

                         (clock clk rise edge)        0.000     0.000 r  
    AU32                                              0.000     0.000 r  clk (IN)
                         net (fo=0)                   0.000     0.000    clk
    AU32                 IBUF (Prop_ibuf_I_O)         0.315     0.315 r  clk_IBUF_inst/O
                         net (fo=1, routed)           1.346     1.661    clk_IBUF
    BUFGCTRL_X0Y0        BUFG (Prop_bufg_I_O)         0.030     1.691 r  clk_IBUF_BUFG_inst/O
                         net (fo=1707, routed)        1.001     2.691    dut_bw/calc_dw_hidden_i[1].dw_j[2].DUT_delta_weight/clk_IBUF_BUFG
    DSP48_X2Y42          DSP48E1                                      r  dut_bw/calc_dw_hidden_i[1].dw_j[2].DUT_delta_weight/tmp_delta_weight_reg/CLK
                         clock pessimism             -0.430     2.261    
    DSP48_X2Y42          DSP48E1 (Hold_dsp48e1_CLK_B[8])
                                                      0.032     2.293    dut_bw/calc_dw_hidden_i[1].dw_j[2].DUT_delta_weight/tmp_delta_weight_reg
  -------------------------------------------------------------------
                         required time                         -2.293    
                         arrival time                           2.406    
  -------------------------------------------------------------------
                         slack                                  0.113    





Pulse Width Checks
--------------------------------------------------------------------------------------
Clock Name:         clk
Waveform(ns):       { 0.000 5.425 }
Period(ns):         10.850
Sources:            { clk }

Check Type        Corner  Lib Pin      Reference Pin  Required(ns)  Actual(ns)  Slack(ns)  Location      Pin
Min Period        n/a     DSP48E1/CLK  n/a            2.772         10.850      8.078      DSP48_X1Y37   dut_bw/calc_layer_hidden[0].DUT_error_hidden/tmp_error_hidden_i_reg/CLK
Low Pulse Width   Slow    SRL16E/CLK   n/a            0.642         5.425       4.783      SLICE_X48Y92  s_tmp2_expected_reg[0][-10]_srl2___s_tmp2_input_reg_r/CLK
High Pulse Width  Fast    SRL16E/CLK   n/a            0.642         5.425       4.783      SLICE_X48Y92  s_tmp2_expected_reg[0][-10]_srl2___s_tmp2_input_reg_r/CLK



